# JRE version: Java(TM) SE Runtime Environment (21.0.8+12) (build 21.0.8+12-LTS-250)
# Java VM: Java HotSpot(TM) 64-Bit Server VM (21.0.8+12-LTS-250, mixed mode, sharing, tiered, compressed oops, compressed class ptrs, g1 gc, windows-amd64)
GC Precious Log:
 CardTable entry size: 512
 Card Set container configuration: InlinePtr #cards 4 size 8 Array Of Cards #cards 16 size 48 Howl #buckets 8 coarsen threshold 3686 Howl Bitmap #cards 512 size 80 coarsen threshold 460 Card regions per heap region 1 cards per card region 4096
 CPUs: 8 total, 8 available
 Memory: 7997M
 Large Page Support: Disabled
 NUMA Support: Disabled
 Compressed Oops: Enabled (Zero based)
 Heap Region Size: 2M
 Heap Min Capacity: 8M
 Heap Initial Capacity: 126M
 Heap Max Capacity: 4G
 Pre-touch: Disabled
 Parallel Workers: 8
 Concurrent Workers: 2
 Concurrent Refinement Workers: 8
 Periodic GC: Disabled
Heap:
 garbage-first heap   total 266240K, used 150878K [0x0000000700000000, 0x0000000800000000)
  region size 2048K, 7 young (14336K), 3 survivors (6144K)
 Metaspace       used 126735K, committed 129088K, reserved 1179648K
  class space    used 17662K, committed 18880K, reserved 1048576K
GC Heap History (20 events):
Event: 10390.715 GC heap before
{Heap before GC invocations=53 (full 0):
 garbage-first heap   total 196608K, used 174778K [0x0000000700000000, 0x0000000800000000)
  region size 2048K, 36 young (73728K), 4 survivors (8192K)
 Metaspace       used 115724K, committed 117952K, reserved 1179648K
  class space    used 16071K, committed 17216K, reserved 1048576K
}
Event: 10390.722 GC heap after
{Heap after GC invocations=54 (full 0):
 garbage-first heap   total 196608K, used 111680K [0x0000000700000000, 0x0000000800000000)
  region size 2048K, 3 young (6144K), 3 survivors (6144K)
 Metaspace       used 115724K, committed 117952K, reserved 1179648K
  class space    used 16071K, committed 17216K, reserved 1048576K
}
Event: 10391.391 GC heap before
{Heap before GC invocations=55 (full 0):
 garbage-first heap   total 198656K, used 177216K [0x0000000700000000, 0x0000000800000000)
  region size 2048K, 35 young (71680K), 3 survivors (6144K)
 Metaspace       used 118951K, committed 121216K, reserved 1179648K
  class space    used 16612K, committed 17792K, reserved 1048576K
}
Event: 10391.397 GC heap after
{Heap after GC invocations=56 (full 0):
 garbage-first heap   total 198656K, used 114963K [0x0000000700000000, 0x0000000800000000)
  region size 2048K, 5 young (10240K), 5 survivors (10240K)
 Metaspace       used 118951K, committed 121216K, reserved 1179648K
  class space    used 16612K, committed 17792K, reserved 1048576K
}
Event: 10391.794 GC heap before
{Heap before GC invocations=56 (full 0):
 garbage-first heap   total 198656K, used 172307K [0x0000000700000000, 0x0000000800000000)
  region size 2048K, 34 young (69632K), 5 survivors (10240K)
 Metaspace       used 119629K, committed 121856K, reserved 1179648K
  class space    used 16690K, committed 17856K, reserved 1048576K
}
Event: 10391.804 GC heap after
{Heap after GC invocations=57 (full 0):
 garbage-first heap   total 198656K, used 118361K [0x0000000700000000, 0x0000000800000000)
  region size 2048K, 4 young (8192K), 4 survivors (8192K)
 Metaspace       used 119629K, committed 121856K, reserved 1179648K
  class space    used 16690K, committed 17856K, reserved 1048576K
}
Event: 10395.111 GC heap before
{Heap before GC invocations=57 (full 0):
 garbage-first heap   total 198656K, used 177753K [0x0000000700000000, 0x0000000800000000)
  region size 2048K, 33 young (67584K), 4 survivors (8192K)
 Metaspace       used 121320K, committed 123584K, reserved 1179648K
  class space    used 16931K, committed 18112K, reserved 1048576K
}
Event: 10395.119 GC heap after
{Heap after GC invocations=58 (full 0):
 garbage-first heap   total 198656K, used 123696K [0x0000000700000000, 0x0000000800000000)
  region size 2048K, 5 young (10240K), 5 survivors (10240K)
 Metaspace       used 121320K, committed 123584K, reserved 1179648K
  class space    used 16931K, committed 18112K, reserved 1048576K
}
Event: 10395.606 GC heap before
{Heap before GC invocations=59 (full 0):
 garbage-first heap   total 219136K, used 174896K [0x0000000700000000, 0x0000000800000000)
  region size 2048K, 30 young (61440K), 5 survivors (10240K)
 Metaspace       used 122819K, committed 125120K, reserved 1179648K
  class space    used 17166K, committed 18368K, reserved 1048576K
}
Event: 10395.614 GC heap after
{Heap after GC invocations=60 (full 0):
 garbage-first heap   total 219136K, used 126732K [0x0000000700000000, 0x0000000800000000)
  region size 2048K, 3 young (6144K), 3 survivors (6144K)
 Metaspace       used 122819K, committed 125120K, reserved 1179648K
  class space    used 17166K, committed 18368K, reserved 1048576K
}
Event: 10396.237 GC heap before
{Heap before GC invocations=60 (full 0):
 garbage-first heap   total 219136K, used 200460K [0x0000000700000000, 0x0000000800000000)
  region size 2048K, 39 young (79872K), 3 survivors (6144K)
 Metaspace       used 124698K, committed 127040K, reserved 1179648K
  class space    used 17462K, committed 18688K, reserved 1048576K
}
Event: 10396.245 GC heap after
{Heap after GC invocations=61 (full 0):
 garbage-first heap   total 219136K, used 129504K [0x0000000700000000, 0x0000000800000000)
  region size 2048K, 5 young (10240K), 5 survivors (10240K)
 Metaspace       used 124698K, committed 127040K, reserved 1179648K
  class space    used 17462K, committed 18688K, reserved 1048576K
}
Event: 10397.400 GC heap before
{Heap before GC invocations=61 (full 0):
 garbage-first heap   total 219136K, used 195040K [0x0000000700000000, 0x0000000800000000)
  region size 2048K, 37 young (75776K), 5 survivors (10240K)
 Metaspace       used 125570K, committed 127936K, reserved 1179648K
  class space    used 17543K, committed 18752K, reserved 1048576K
}
Event: 10397.411 GC heap after
{Heap after GC invocations=62 (full 0):
 garbage-first heap   total 219136K, used 139784K [0x0000000700000000, 0x0000000800000000)
  region size 2048K, 5 young (10240K), 5 survivors (10240K)
 Metaspace       used 125570K, committed 127936K, reserved 1179648K
  class space    used 17543K, committed 18752K, reserved 1048576K
}
Event: 10397.978 GC heap before
{Heap before GC invocations=63 (full 0):
 garbage-first heap   total 266240K, used 193032K [0x0000000700000000, 0x0000000800000000)
  region size 2048K, 31 young (63488K), 5 survivors (10240K)
 Metaspace       used 126019K, committed 128384K, reserved 1179648K
  class space    used 17601K, committed 18816K, reserved 1048576K
}
Event: 10397.985 GC heap after
{Heap after GC invocations=64 (full 0):
 garbage-first heap   total 266240K, used 143538K [0x0000000700000000, 0x0000000800000000)
  region size 2048K, 2 young (4096K), 2 survivors (4096K)
 Metaspace       used 126019K, committed 128384K, reserved 1179648K
  class space    used 17601K, committed 18816K, reserved 1048576K
}
Event: 12611.197 GC heap before
{Heap before GC invocations=64 (full 0):
 garbage-first heap   total 266240K, used 237746K [0x0000000700000000, 0x0000000800000000)
  region size 2048K, 48 young (98304K), 2 survivors (4096K)
 Metaspace       used 126172K, committed 128576K, reserved 1179648K
  class space    used 17614K, committed 18816K, reserved 1048576K
}
Event: 12611.354 GC heap after
{Heap after GC invocations=65 (full 0):
 garbage-first heap   total 266240K, used 144242K [0x0000000700000000, 0x0000000800000000)
  region size 2048K, 3 young (6144K), 3 survivors (6144K)
 Metaspace       used 126172K, committed 128576K, reserved 1179648K
  class space    used 17614K, committed 18816K, reserved 1048576K
}
Event: 12959.203 GC heap before
{Heap before GC invocations=65 (full 0):
 garbage-first heap   total 266240K, used 238450K [0x0000000700000000, 0x0000000800000000)
  region size 2048K, 50 young (102400K), 3 survivors (6144K)
 Metaspace       used 126701K, committed 129088K, reserved 1179648K
  class space    used 17662K, committed 18880K, reserved 1048576K
}
Event: 12959.237 GC heap after
{Heap after GC invocations=66 (full 0):
 garbage-first heap   total 266240K, used 144734K [0x0000000700000000, 0x0000000800000000)
  region size 2048K, 3 young (6144K), 3 survivors (6144K)
 Metaspace       used 126701K, committed 129088K, reserved 1179648K
  class space    used 17662K, committed 18880K, reserved 1048576K
}

